<?xml version="1.0" encoding="UTF-8"?>
<!-- Generated by org.testng.reporters.JUnitReportReporter -->
<testsuite hostname="LAPTOP-ECO2OESQ" failures="0" tests="5" name="RestAssuredTest.LibraryTest" time="3.649" errors="0" timestamp="18 Feb 2022 04:07:21 GMT" skipped="0">
  <testcase classname="RestAssuredTest.LibraryTest" name="getMethodExample1" time="1.804"/>
  <testcase classname="RestAssuredTest.LibraryTest" name="getMethodExample2" time="0.223"/>
  <testcase classname="RestAssuredTest.LibraryTest" name="getMethodExample3" time="0.587"/>
  <testcase classname="RestAssuredTest.LibraryTest" name="postMethodExample2" time="0.459"/>
  <testcase classname="RestAssuredTest.LibraryTest" name="postMethodExample1" time="0.576"/>
</testsuite> <!-- RestAssuredTest.LibraryTest -->
