<?xml version="1.0" encoding="UTF-8"?>
<!-- Generated by org.testng.reporters.JUnitReportReporter -->
<testsuite hostname="LAPTOP-ECO2OESQ" failures="0" tests="10" name="RestAssuredTest.PetStoreTestCases" time="19.654" errors="0" timestamp="21 Feb 2022 04:58:48 GMT" skipped="0">
  <testcase classname="RestAssuredTest.PetStoreTestCases" name="getUserLogin" time="3.433"/>
  <testcase classname="RestAssuredTest.PetStoreTestCases" name="createSingleUser" time="1.815"/>
  <testcase classname="RestAssuredTest.PetStoreTestCases" name="getUser" time="1.797"/>
  <testcase classname="RestAssuredTest.PetStoreTestCases" name="getUnknownUser" time="1.809"/>
  <testcase classname="RestAssuredTest.PetStoreTestCases" name="updateSingleUser" time="1.876"/>
  <testcase classname="RestAssuredTest.PetStoreTestCases" name="deleteUser" time="1.775"/>
  <testcase classname="RestAssuredTest.PetStoreTestCases" name="deleteinvalidUser" time="1.801"/>
  <testcase classname="RestAssuredTest.PetStoreTestCases" name="createMultipleUserArray" time="1.756"/>
  <testcase classname="RestAssuredTest.PetStoreTestCases" name="createMultipleUserList" time="1.826"/>
  <testcase classname="RestAssuredTest.PetStoreTestCases" name="getUserLogout" time="1.766"/>
</testsuite> <!-- RestAssuredTest.PetStoreTestCases -->
